#
# A fatal error has been detected by the Java Runtime Environment:
#
#  EXCEPTION_ACCESS_VIOLATION (0xc0000005) at pc=0x5376ac3d, pid=4044, tid=6000
#
# JRE version: Java(TM) SE Runtime Environment (8.0_74-b02) (build 1.8.0_74-b02)
# Java VM: Java HotSpot(TM) Client VM (25.74-b02 mixed mode windows-x86 )
# Problematic frame:
# V  [jvm.dll+0xcac3d]
#
# Failed to write core dump. Minidumps are not enabled by default on client versions of Windows
#
# If you would like to submit a bug report, please visit:
#   http://bugreport.java.com/bugreport/crash.jsp
#

---------------  T H R E A D  ---------------

Current thread (0x140cf800):  JavaThread "JDWP Transport Listener: dt_socket" daemon [_thread_in_vm, id=6000, stack(0x14740000,0x14790000)]

siginfo: ExceptionCode=0xc0000005, reading address 0xffffffff

Registers:
EAX=0xffffffff, EBX=0x00000000, ECX=0xffffffff, EDX=0x00000000
ESP=0x1478f5c8, EBP=0x1478f5cc, ESI=0x140cf800, EDI=0x01867620
EIP=0x5376ac3d, EFLAGS=0x00010286

Top of Stack: (sp=0x1478f5c8)
0x1478f5c8:   140cf800 1478f5f4 538c7d34 ffffffff
0x1478f5d8:   1478f6ac 1478f62f 140cf800 00000000
0x1478f5e8:   00000000 00000000 140cf800 1478f630
0x1478f5f8:   67d89f80 01867620 ffffffff 1478f62f
0x1478f608:   ffffffff 67d7436d ffffffff 1478f62f
0x1478f618:   00000003 00000000 00000000 00000009
0x1478f628:   00000000 0007faac 1478f650 67d744e0
0x1478f638:   00000001 1478f66c 1478f6a8 140de7f0 

Instructions: (pc=0x5376ac3d)
0x5376ac1d:   5d c3 52 e8 5b f9 ff ff 5d c3 cc cc cc cc cc cc
0x5376ac2d:   cc cc cc 55 8b ec 8b 45 08 85 c0 75 02 5d c3 56
0x5376ac3d:   8b 30 85 f6 74 17 83 fe 37 74 12 8b 06 8b 50 08
0x5376ac4d:   8b ce ff d2 84 c0 74 05 8b c6 5e 5d c3 33 c0 5e 


Register to memory mapping:

EAX=0xffffffff is an unknown value
EBX=0x00000000 is an unknown value
ECX=0xffffffff is an unknown value
EDX=0x00000000 is an unknown value
ESP=0x1478f5c8 is pointing into the stack for thread: 0x140cf800
EBP=0x1478f5cc is pointing into the stack for thread: 0x140cf800
ESI=0x140cf800 is a thread
EDI=0x01867620 is an unknown value


Stack: [0x14740000,0x14790000],  sp=0x1478f5c8,  free space=317k
Native frames: (J=compiled Java code, j=interpreted, Vv=VM code, C=native code)
V  [jvm.dll+0xcac3d]
V  [jvm.dll+0x227d34]
C  [jdwp.dll+0x19f80]
C  [jdwp.dll+0x44e0]
C  [jdwp.dll+0x451e]
C  0x14080000


---------------  P R O C E S S  ---------------

Java Threads: ( => current thread )
  0x140e0c00 JavaThread "Service Thread" daemon [_thread_blocked, id=3516, stack(0x149c0000,0x14a10000)]
  0x140db000 JavaThread "C1 CompilerThread0" daemon [_thread_blocked, id=6008, stack(0x148a0000,0x148f0000)]
  0x140d2c00 JavaThread "JDWP Command Reader" daemon [_thread_in_native, id=2344, stack(0x14940000,0x14990000)]
  0x140d1000 JavaThread "JDWP Event Helper Thread" daemon [_thread_blocked, id=2232, stack(0x03bb0000,0x03c00000)]
=>0x140cf800 JavaThread "JDWP Transport Listener: dt_socket" daemon [_thread_in_vm, id=6000, stack(0x14740000,0x14790000)]
  0x140c1400 JavaThread "Attach Listener" daemon [_thread_blocked, id=5504, stack(0x144b0000,0x14500000)]
  0x140bb400 JavaThread "Signal Dispatcher" daemon [_thread_blocked, id=3204, stack(0x14390000,0x143e0000)]
  0x140a7c00 JavaThread "Finalizer" daemon [_thread_blocked, id=4288, stack(0x03aa0000,0x03af0000)]
  0x14081c00 JavaThread "Reference Handler" daemon [_thread_blocked, id=4276, stack(0x142a0000,0x142f0000)]
  0x0186c800 JavaThread "main" [_thread_blocked, id=1148, stack(0x018f0000,0x01940000)]

Other Threads:
  0x1407a800 VMThread [stack: 0x03b20000,0x03b70000] [id=5988]
  0x140e6000 WatcherThread [stack: 0x14a60000,0x14ab0000] [id=4556]

VM state:not at safepoint (normal execution)

VM Mutex/Monitor currently owned by a thread: None

Heap:
 def new generation   total 4928K, used 777K [0x03c00000, 0x04150000, 0x09150000)
  eden space 4416K,  17% used [0x03c00000, 0x03cc2478, 0x04050000)
  from space 512K,   0% used [0x04050000, 0x04050000, 0x040d0000)
  to   space 512K,   0% used [0x040d0000, 0x040d0000, 0x04150000)
 tenured generation   total 10944K, used 0K [0x09150000, 0x09c00000, 0x13c00000)
   the space 10944K,   0% used [0x09150000, 0x09150000, 0x09150200, 0x09c00000)
 Metaspace       used 1760K, capacity 2248K, committed 2368K, reserved 4480K

Card table byte_map: [0x01940000,0x019d0000] byte_map_base: 0x01922000

Polling page: 0x00170000

CodeCache: size=32768Kb used=676Kb max_used=676Kb free=32091Kb
 bounds [0x01a20000, 0x01ad0000, 0x03a20000]
 total_blobs=150 nmethods=18 adapters=71
 compilation: enabled

Compilation events (10 events):
Event: 0.113 Thread 0x140db000   14             java.lang.CharacterDataLatin1::toLowerCase (39 bytes)
Event: 0.114 Thread 0x140db000 nmethod 14 0x01ac7f88 code [0x01ac8080, 0x01ac8160]
Event: 0.114 Thread 0x140db000   15             java.lang.AbstractStringBuilder::ensureCapacityInternal (16 bytes)
Event: 0.114 Thread 0x140db000 nmethod 15 0x01ac8248 code [0x01ac8350, 0x01ac840c]
Event: 0.114 Thread 0x140db000   16             java.lang.AbstractStringBuilder::append (29 bytes)
Event: 0.114 Thread 0x140db000 nmethod 16 0x01ac8488 code [0x01ac8590, 0x01ac868c]
Event: 0.114 Thread 0x140db000   17             java.lang.String::indexOf (166 bytes)
Event: 0.115 Thread 0x140db000 nmethod 17 0x01ac8788 code [0x01ac88a0, 0x01ac8af0]
Event: 0.115 Thread 0x140db000   18             java.lang.Object::<init> (1 bytes)
Event: 0.115 Thread 0x140db000 nmethod 18 0x01ac8e48 code [0x01ac8f40, 0x01ac8fd0]

GC Heap History (0 events):
No events

Deoptimization events (0 events):
No events

Internal exceptions (2 events):
Event: 0.031 Thread 0x0186c800 Exception <a 'java/lang/NoSuchMethodError': Method sun.misc.Unsafe.defineClass(Ljava/lang/String;[BII)Ljava/lang/Class; name or signature does not match> (0x03c06ea8) thrown at [C:\re\workspace\8-2-build-windows-i586-cygwin\jdk8u74\6087\hotspot\src\share\vY遏?
Event: 0.031 Thread 0x0186c800 Exception <a 'java/lang/NoSuchMethodError': Method sun.misc.Unsafe.prefetchRead(Ljava/lang/Object;J)V name or signature does not match> (0x03c07178) thrown at [C:\re\workspace\8-2-build-windows-i586-cygwin\jdk8u74\6087\hotspot\src\share\vm\prims\jni.cpp, l

Events (10 events):
Event: 9.016 Executing VM operation: RedefineClasses
Event: 9.016 Executing VM operation: RedefineClasses done
Event: 17.149 loading class java/util/concurrent/ConcurrentHashMap$ForwardingNode
Event: 17.149 loading class java/util/concurrent/ConcurrentHashMap$ForwardingNode done
Event: 17.149 loading class java/io/FileNotFoundException
Event: 17.149 loading class java/io/IOException
Event: 17.149 loading class java/io/IOException done
Event: 17.149 loading class java/io/FileNotFoundException done
Event: 17.150 Executing VM operation: RedefineClasses
Event: 17.150 Executing VM operation: RedefineClasses done


Dynamic libraries:
0x00360000 - 0x00393000 	C:\Users\mitsushige.hiroto\eclipse(開発)\eclipse\jre\bin\javaw.exe
0x77010000 - 0x77152000 	C:\Windows\SYSTEM32\ntdll.dll
0x76710000 - 0x767e5000 	C:\Windows\system32\kernel32.dll
0x75190000 - 0x751db000 	C:\Windows\system32\KERNELBASE.dll
0x767f0000 - 0x76891000 	C:\Windows\system32\ADVAPI32.dll
0x76380000 - 0x7642c000 	C:\Windows\system32\msvcrt.dll
0x75380000 - 0x75399000 	C:\Windows\SYSTEM32\sechost.dll
0x752d0000 - 0x75372000 	C:\Windows\system32\RPCRT4.dll
0x76640000 - 0x76709000 	C:\Windows\system32\USER32.dll
0x75610000 - 0x7565e000 	C:\Windows\system32\GDI32.dll
0x77200000 - 0x7720a000 	C:\Windows\system32\LPK.dll
0x76b50000 - 0x76bed000 	C:\Windows\system32\USP10.dll
0x73e30000 - 0x73fce000 	C:\Windows\WinSxS\x86_microsoft.windows.common-controls_6595b64144ccf1df_6.0.7601.18837_none_41e855142bd5705d\COMCTL32.dll
0x75660000 - 0x756b7000 	C:\Windows\system32\SHLWAPI.dll
0x76350000 - 0x7636f000 	C:\Windows\system32\IMM32.DLL
0x76ea0000 - 0x76f6d000 	C:\Windows\system32\MSCTF.dll
0x67c20000 - 0x67cdf000 	C:\Users\mitsushige.hiroto\eclipse(開発)\eclipse\jre\jre\bin\msvcr100.dll
0x536a0000 - 0x53a68000 	C:\Users\mitsushige.hiroto\eclipse(開発)\eclipse\jre\jre\bin\client\jvm.dll
0x6ce10000 - 0x6ce17000 	C:\Windows\system32\WSOCK32.dll
0x76310000 - 0x76345000 	C:\Windows\system32\WS2_32.dll
0x76430000 - 0x76436000 	C:\Windows\system32\NSI.dll
0x73810000 - 0x73842000 	C:\Windows\system32\WINMM.dll
0x745e0000 - 0x745e9000 	C:\Windows\system32\VERSION.dll
0x76370000 - 0x76375000 	C:\Windows\system32\PSAPI.DLL
0x53690000 - 0x5369c000 	C:\Users\mitsushige.hiroto\eclipse(開発)\eclipse\jre\jre\bin\verify.dll
0x53630000 - 0x53651000 	C:\Users\mitsushige.hiroto\eclipse(開発)\eclipse\jre\jre\bin\java.dll
0x67d70000 - 0x67d99000 	C:\Users\mitsushige.hiroto\eclipse(開発)\eclipse\jre\jre\bin\jdwp.dll
0x67d60000 - 0x67d67000 	C:\Users\mitsushige.hiroto\eclipse(開発)\eclipse\jre\jre\bin\npt.dll
0x53610000 - 0x53623000 	C:\Users\mitsushige.hiroto\eclipse(開発)\eclipse\jre\jre\bin\zip.dll
0x756c0000 - 0x7630c000 	C:\Windows\system32\SHELL32.dll
0x76bf0000 - 0x76d4d000 	C:\Windows\system32\ole32.dll
0x74f20000 - 0x74f2b000 	C:\Windows\system32\profapi.dll
0x67d50000 - 0x67d58000 	C:\Users\mitsushige.hiroto\eclipse(開発)\eclipse\jre\jre\bin\dt_socket.dll
0x72fc0000 - 0x72fd0000 	C:\Windows\system32\NLAapi.dll
0x70270000 - 0x70280000 	C:\Windows\system32\napinsp.dll
0x6ffc0000 - 0x6ffd2000 	C:\Windows\system32\pnrpnsp.dll
0x748e0000 - 0x7491c000 	C:\Windows\System32\mswsock.dll
0x747a0000 - 0x747e4000 	C:\Windows\system32\DNSAPI.dll
0x70280000 - 0x70288000 	C:\Windows\System32\winrnr.dll
0x70260000 - 0x7026d000 	C:\Windows\system32\wshbth.dll
0x71850000 - 0x7186c000 	C:\Windows\system32\IPHLPAPI.DLL
0x71830000 - 0x71837000 	C:\Windows\system32\WINNSI.DLL
0x716d0000 - 0x71708000 	C:\Windows\System32\fwpuclnt.dll
0x70420000 - 0x70426000 	C:\Windows\system32\rasadhlp.dll
0x74350000 - 0x74355000 	C:\Windows\System32\wshtcpip.dll
0x6c410000 - 0x6c4fb000 	C:\Windows\system32\dbghelp.dll

VM Arguments:
jvm_args: -agentlib:jdwp=transport=dt_socket,suspend=y,address=localhost:50514 -Dfile.encoding=UTF-8 
java_command: jp.alhinc.mitsushige.hiroto.blanch_office_definition.OpenOfficeFile C:\\Users\\mitsushige.hiroto\\Desktop\\課題
java_class_path (initial): C:\Users\mitsushige.hiroto\eclipse(開発)\CalculateSales\bin
Launcher Type: SUN_STANDARD

Environment Variables:
PATH=C:\Users\mitsushige.hiroto\eclipse(開発)\eclipse\jre\bin;C:/Users/mitsushige.hiroto/eclipse(開発)/eclipse/jre/bin/../jre/bin/client;C:/Users/mitsushige.hiroto/eclipse(開発)/eclipse/jre/bin/../jre/bin;C:/Users/mitsushige.hiroto/eclipse(開発)/eclipse/jre/bin/../jre/lib/i386;C:\app\trainee150\product\11.2.0\dbhome_1\bin;C:\ProgramData\Oracle\Java\javapath;C:\Program Files\Intel\iCLS Client\;C:\Windows\system32;C:\Windows;C:\Windows\System32\Wbem;C:\Windows\System32\WindowsPowerShell\v1.0\;C:\Program Files\Intel\OpenCL SDK\3.0\bin\x86;C:\Program Files\Intel\Intel(R) Management Engine Components\DAL;C:\Program Files\Intel\Intel(R) Management Engine Components\IPT;C:\Program Files\Intel\WiFi\bin\;C:\Program Files\Common Files\Intel\WirelessCommon\;C:\Users\mitsushige.hiroto\eclipse(開発)\eclipse;
USERNAME=mitsushige.hiroto
OS=Windows_NT
PROCESSOR_IDENTIFIER=x86 Family 6 Model 60 Stepping 3, GenuineIntel



---------------  S Y S T E M  ---------------

OS: Windows 7 Build 7601 (6.1.7601.23714)

CPU:total 4 (2 cores per cpu, 2 threads per core) family 6 model 60 stepping 3, cmov, cx8, fxsr, mmx, sse, sse2, sse3, ssse3, sse4.1, sse4.2, popcnt, avx, avx2, aes, clmul, erms, lzcnt, ht, tsc, tscinvbit, bmi1, bmi2

Memory: 4k page, physical 3026032k(903440k free), swap 6050348k(3122684k free)

vm_info: Java HotSpot(TM) Client VM (25.74-b02) for windows-x86 JRE (1.8.0_74-b02), built on Jan 29 2016 17:47:57 by "java_re" with MS VC++ 10.0 (VS2010)

time: Thu Apr 20 10:00:46 2017
elapsed time: 17 seconds (0d 0h 0m 17s)

